0 info it worked if it ends with ok
1 verbose cli [ 'C:\\Program Files\\nodejs\\node.exe',
1 verbose cli   'C:\\Program Files\\nodejs\\node_modules\\npm\\bin\\npm-cli.js',
1 verbose cli   'start' ]
2 info using npm@3.10.10
3 info using node@v6.9.5
4 verbose run-script [ 'prestart', 'start', 'poststart' ]
5 info lifecycle eker@0.0.0~prestart: eker@0.0.0
6 silly lifecycle eker@0.0.0~prestart: no script for prestart, continuing
7 info lifecycle eker@0.0.0~start: eker@0.0.0
8 verbose lifecycle eker@0.0.0~start: unsafe-perm in lifecycle true
9 verbose lifecycle eker@0.0.0~start: PATH: C:\Program Files\nodejs\node_modules\npm\bin\node-gyp-bin;C:\Users\laptop\Desktop\seker\node_modules\.bin;C:\cmder_mini\bin;C:\cmder_mini\vendor\conemu-maximus5\ConEmu\Scripts;C:\cmder_mini\vendor\conemu-maximus5;C:\cmder_mini\vendor\conemu-maximus5\ConEmu;C:\ProgramData\Oracle\Java\javapath;C:\Windows\system32;C:\Windows;C:\Windows\System32\Wbem;C:\Windows\System32\WindowsPowerShell\v1.0\;C:\Program Files\nodejs\;C:\Program Files\Git\cmd;C:\Users\laptop\Desktop\FDK\Tools\win;C:\Program Files (x86)\NVIDIA Corporation\PhysX\Common;C:\Users\laptop\Anaconda3;C:\Users\laptop\Anaconda3\Scripts;C:\Users\laptop\Anaconda3\Library\bin;C:\Users\laptop\AppData\Local\Microsoft\WindowsApps;C:\Users\laptop\AppData\Roaming\npm;C:\Program Files\LOVE;C:\Program Files (x86)\Microsoft VS Code\bin;C:\adb;C:\PROGRA~2\PICC;C:\Program Files (x86)\mingw-w64\i686-7.1.0-win32-dwarf-rt_v5-rev0\mingw32\bin;C:\Program Files (x86)\GtkSharp\2.12\bin;C:\Users\laptop\Downloads\opencv\build\x64\vc14\bin;C:\ffmpeg\bin;C:\Program Files (x86)\Windows Kits\8.1\Windows Performance Toolkit\;C:\WINDOWS\system32;C:\WINDOWS;C:\WINDOWS\System32\Wbem;C:\WINDOWS\System32\WindowsPowerShell\v1.0\;C:\xampp\mysql\bin;C:\Users\laptop\Anaconda3;C:\Users\laptop\Anaconda3\Library\mingw-w64\bin;C:\Users\laptop\Anaconda3\Library\usr\bin;C:\Users\laptop\Anaconda3\Library\bin;C:\Users\laptop\Anaconda3\Scripts;C:\Users\laptop\.cargo\bin;%USERPROFILE%\AppData\Local\Microsoft\WindowsApps;C:\Users\laptop\AppData\Roaming\npm;C:\Program Files\LOVE;C:\Program Files (x86)\mingw-w64\i686-7.1.0-win32-dwarf-rt_v5-rev0\mingw32\bin;C:\Program Files (x86)\Google\Chrome\Application\chrome.exe;C:\Program Files (x86)\VideoLAN\VLC;C:\Program Files\Sublime Text 3;C:\Users\laptop\AppData\Local\Google\Cloud SDK\google-cloud-sdk\bin;%DASHLANE_DLL_DIR%;C:\Users\laptop\AppData\Local\hyper\app-2.0.0\resources\bin;C:\Program Files\Git\usr\bin;C:\Program Files\Git\usr\share\vim\vim74;C:\cmder_mini\
10 verbose lifecycle eker@0.0.0~start: CWD: C:\Users\laptop\Desktop\seker
11 silly lifecycle eker@0.0.0~start: Args: [ '/d /s /c', 'nodemon ./bin/www' ]
12 silly lifecycle eker@0.0.0~start: Returned: code: 3221225786  signal: null
13 info lifecycle eker@0.0.0~start: Failed to exec start script
14 verbose stack Error: eker@0.0.0 start: `nodemon ./bin/www`
14 verbose stack Exit status 3221225786
14 verbose stack     at EventEmitter.<anonymous> (C:\Program Files\nodejs\node_modules\npm\lib\utils\lifecycle.js:255:16)
14 verbose stack     at emitTwo (events.js:106:13)
14 verbose stack     at EventEmitter.emit (events.js:191:7)
14 verbose stack     at ChildProcess.<anonymous> (C:\Program Files\nodejs\node_modules\npm\lib\utils\spawn.js:40:14)
14 verbose stack     at emitTwo (events.js:106:13)
14 verbose stack     at ChildProcess.emit (events.js:191:7)
14 verbose stack     at maybeClose (internal/child_process.js:877:16)
14 verbose stack     at Process.ChildProcess._handle.onexit (internal/child_process.js:226:5)
15 verbose pkgid eker@0.0.0
16 verbose cwd C:\Users\laptop\Desktop\seker
17 error Windows_NT 10.0.16299
18 error argv "C:\\Program Files\\nodejs\\node.exe" "C:\\Program Files\\nodejs\\node_modules\\npm\\bin\\npm-cli.js" "start"
19 error node v6.9.5
20 error npm  v3.10.10
21 error code ELIFECYCLE
22 error eker@0.0.0 start: `nodemon ./bin/www`
22 error Exit status 3221225786
23 error Failed at the eker@0.0.0 start script 'nodemon ./bin/www'.
23 error Make sure you have the latest version of node.js and npm installed.
23 error If you do, this is most likely a problem with the eker package,
23 error not with npm itself.
23 error Tell the author that this fails on your system:
23 error     nodemon ./bin/www
23 error You can get information on how to open an issue for this project with:
23 error     npm bugs eker
23 error Or if that isn't available, you can get their info via:
23 error     npm owner ls eker
23 error There is likely additional logging output above.
24 verbose exit [ 1, true ]
